Compilation failed:
    source file: '/Users/loxij/Documents/LMI/OpenCV/opencv/cmake/checks/cpu_popcnt.cpp'
    check option: ''
===== BUILD LOG =====
Change Dir: /Users/loxij/Documents/LMI/OpenCV/build_opencv/CMakeFiles/CMakeTmp

Run Build Command(s):/usr/local/Cellar/cmake/3.26.3/bin/cmake -E env VERBOSE=1 /usr/bin/make -f Makefile cmTC_873a2/fast && /Library/Developer/CommandLineTools/usr/bin/make  -f CMakeFiles/cmTC_873a2.dir/build.make CMakeFiles/cmTC_873a2.dir/build
Building CXX object CMakeFiles/cmTC_873a2.dir/cpu_popcnt.cpp.o
/Library/Developer/CommandLineTools/usr/bin/c++   -O3 -DNDEBUG -std=c++11 -isysroot /Library/Developer/CommandLineTools/SDKs/MacOSX13.1.sdk -fPIE -MD -MT CMakeFiles/cmTC_873a2.dir/cpu_popcnt.cpp.o -MF CMakeFiles/cmTC_873a2.dir/cpu_popcnt.cpp.o.d -o CMakeFiles/cmTC_873a2.dir/cpu_popcnt.cpp.o -c /Users/loxij/Documents/LMI/OpenCV/opencv/cmake/checks/cpu_popcnt.cpp
/Users/loxij/Documents/LMI/OpenCV/opencv/cmake/checks/cpu_popcnt.cpp:14:4: error: "__POPCNT__ is not defined by compiler"
#  error "__POPCNT__ is not defined by compiler"
   ^
/Users/loxij/Documents/LMI/OpenCV/opencv/cmake/checks/cpu_popcnt.cpp:22:13: error: use of undeclared identifier 'CV_POPCNT_U32'
    int j = CV_POPCNT_U32(1);
            ^
2 errors generated.
make[1]: *** [CMakeFiles/cmTC_873a2.dir/cpu_popcnt.cpp.o] Error 1
make: *** [cmTC_873a2/fast] Error 2


===== END =====

Compilation failed:
    source file: '/Users/loxij/Documents/LMI/OpenCV/opencv/cmake/checks/cpu_sse42.cpp'
    check option: ''
===== BUILD LOG =====
Change Dir: /Users/loxij/Documents/LMI/OpenCV/build_opencv/CMakeFiles/CMakeTmp

Run Build Command(s):/usr/local/Cellar/cmake/3.26.3/bin/cmake -E env VERBOSE=1 /usr/bin/make -f Makefile cmTC_b800c/fast && /Library/Developer/CommandLineTools/usr/bin/make  -f CMakeFiles/cmTC_b800c.dir/build.make CMakeFiles/cmTC_b800c.dir/build
Building CXX object CMakeFiles/cmTC_b800c.dir/cpu_sse42.cpp.o
/Library/Developer/CommandLineTools/usr/bin/c++   -O3 -DNDEBUG -std=c++11 -isysroot /Library/Developer/CommandLineTools/SDKs/MacOSX13.1.sdk -fPIE -MD -MT CMakeFiles/cmTC_b800c.dir/cpu_sse42.cpp.o -MF CMakeFiles/cmTC_b800c.dir/cpu_sse42.cpp.o.d -o CMakeFiles/cmTC_b800c.dir/cpu_sse42.cpp.o -c /Users/loxij/Documents/LMI/OpenCV/opencv/cmake/checks/cpu_sse42.cpp
/Users/loxij/Documents/LMI/OpenCV/opencv/cmake/checks/cpu_sse42.cpp:5:24: error: always_inline function '_mm_crc32_u8' requires target feature 'crc32', but would be inlined into function 'main' that is compiled without support for 'crc32'
    unsigned int res = _mm_crc32_u8(1, 2);
                       ^
1 error generated.
make[1]: *** [CMakeFiles/cmTC_b800c.dir/cpu_sse42.cpp.o] Error 1
make: *** [cmTC_b800c/fast] Error 2


===== END =====

Compilation failed:
    source file: '/Users/loxij/Documents/LMI/OpenCV/opencv/cmake/checks/cpu_fp16.cpp'
    check option: ''
===== BUILD LOG =====
Change Dir: /Users/loxij/Documents/LMI/OpenCV/build_opencv/CMakeFiles/CMakeTmp

Run Build Command(s):/usr/local/Cellar/cmake/3.26.3/bin/cmake -E env VERBOSE=1 /usr/bin/make -f Makefile cmTC_afe39/fast && /Library/Developer/CommandLineTools/usr/bin/make  -f CMakeFiles/cmTC_afe39.dir/build.make CMakeFiles/cmTC_afe39.dir/build
Building CXX object CMakeFiles/cmTC_afe39.dir/cpu_fp16.cpp.o
/Library/Developer/CommandLineTools/usr/bin/c++   -O3 -DNDEBUG -std=c++11 -isysroot /Library/Developer/CommandLineTools/SDKs/MacOSX13.1.sdk -fPIE -MD -MT CMakeFiles/cmTC_afe39.dir/cpu_fp16.cpp.o -MF CMakeFiles/cmTC_afe39.dir/cpu_fp16.cpp.o.d -o CMakeFiles/cmTC_afe39.dir/cpu_fp16.cpp.o -c /Users/loxij/Documents/LMI/OpenCV/opencv/cmake/checks/cpu_fp16.cpp
/Users/loxij/Documents/LMI/OpenCV/opencv/cmake/checks/cpu_fp16.cpp:26:2: error: "FP16 is not supported"
#error "FP16 is not supported"
 ^
/Users/loxij/Documents/LMI/OpenCV/opencv/cmake/checks/cpu_fp16.cpp:31:18: error: use of undeclared identifier 'test'
  printf("%d\n", test());
                 ^
2 errors generated.
make[1]: *** [CMakeFiles/cmTC_afe39.dir/cpu_fp16.cpp.o] Error 1
make: *** [cmTC_afe39/fast] Error 2


===== END =====

Compilation failed:
    source file: '/Users/loxij/Documents/LMI/OpenCV/opencv/cmake/checks/cpu_avx.cpp'
    check option: ''
===== BUILD LOG =====
Change Dir: /Users/loxij/Documents/LMI/OpenCV/build_opencv/CMakeFiles/CMakeTmp

Run Build Command(s):/usr/local/Cellar/cmake/3.26.3/bin/cmake -E env VERBOSE=1 /usr/bin/make -f Makefile cmTC_e4a1d/fast && /Library/Developer/CommandLineTools/usr/bin/make  -f CMakeFiles/cmTC_e4a1d.dir/build.make CMakeFiles/cmTC_e4a1d.dir/build
Building CXX object CMakeFiles/cmTC_e4a1d.dir/cpu_avx.cpp.o
/Library/Developer/CommandLineTools/usr/bin/c++   -O3 -DNDEBUG -std=c++11 -isysroot /Library/Developer/CommandLineTools/SDKs/MacOSX13.1.sdk -fPIE -MD -MT CMakeFiles/cmTC_e4a1d.dir/cpu_avx.cpp.o -MF CMakeFiles/cmTC_e4a1d.dir/cpu_avx.cpp.o.d -o CMakeFiles/cmTC_e4a1d.dir/cpu_avx.cpp.o -c /Users/loxij/Documents/LMI/OpenCV/opencv/cmake/checks/cpu_avx.cpp
/Users/loxij/Documents/LMI/OpenCV/opencv/cmake/checks/cpu_avx.cpp:2:2: error: "__AVX__ define is missing"
#error "__AVX__ define is missing"
 ^
1 error generated.
make[1]: *** [CMakeFiles/cmTC_e4a1d.dir/cpu_avx.cpp.o] Error 1
make: *** [cmTC_e4a1d/fast] Error 2


===== END =====

Compilation failed:
    source file: '/Users/loxij/Documents/LMI/OpenCV/opencv/cmake/checks/cpu_avx2.cpp'
    check option: ''
===== BUILD LOG =====
Change Dir: /Users/loxij/Documents/LMI/OpenCV/build_opencv/CMakeFiles/CMakeTmp

Run Build Command(s):/usr/local/Cellar/cmake/3.26.3/bin/cmake -E env VERBOSE=1 /usr/bin/make -f Makefile cmTC_dbb46/fast && /Library/Developer/CommandLineTools/usr/bin/make  -f CMakeFiles/cmTC_dbb46.dir/build.make CMakeFiles/cmTC_dbb46.dir/build
Building CXX object CMakeFiles/cmTC_dbb46.dir/cpu_avx2.cpp.o
/Library/Developer/CommandLineTools/usr/bin/c++   -O3 -DNDEBUG -std=c++11 -isysroot /Library/Developer/CommandLineTools/SDKs/MacOSX13.1.sdk -fPIE -MD -MT CMakeFiles/cmTC_dbb46.dir/cpu_avx2.cpp.o -MF CMakeFiles/cmTC_dbb46.dir/cpu_avx2.cpp.o.d -o CMakeFiles/cmTC_dbb46.dir/cpu_avx2.cpp.o -c /Users/loxij/Documents/LMI/OpenCV/opencv/cmake/checks/cpu_avx2.cpp
/Users/loxij/Documents/LMI/OpenCV/opencv/cmake/checks/cpu_avx2.cpp:2:2: error: "__AVX2__ define is missing"
#error "__AVX2__ define is missing"
 ^
1 error generated.
make[1]: *** [CMakeFiles/cmTC_dbb46.dir/cpu_avx2.cpp.o] Error 1
make: *** [cmTC_dbb46/fast] Error 2


===== END =====

Compilation failed:
    source file: '/Users/loxij/Documents/LMI/OpenCV/opencv/cmake/checks/cpu_avx512.cpp'
    check option: ''
===== BUILD LOG =====
Change Dir: /Users/loxij/Documents/LMI/OpenCV/build_opencv/CMakeFiles/CMakeTmp

Run Build Command(s):/usr/local/Cellar/cmake/3.26.3/bin/cmake -E env VERBOSE=1 /usr/bin/make -f Makefile cmTC_080b5/fast && /Library/Developer/CommandLineTools/usr/bin/make  -f CMakeFiles/cmTC_080b5.dir/build.make CMakeFiles/cmTC_080b5.dir/build
Building CXX object CMakeFiles/cmTC_080b5.dir/cpu_avx512.cpp.o
/Library/Developer/CommandLineTools/usr/bin/c++   -O3 -DNDEBUG -std=c++11 -isysroot /Library/Developer/CommandLineTools/SDKs/MacOSX13.1.sdk -fPIE -MD -MT CMakeFiles/cmTC_080b5.dir/cpu_avx512.cpp.o -MF CMakeFiles/cmTC_080b5.dir/cpu_avx512.cpp.o.d -o CMakeFiles/cmTC_080b5.dir/cpu_avx512.cpp.o -c /Users/loxij/Documents/LMI/OpenCV/opencv/cmake/checks/cpu_avx512.cpp
/Users/loxij/Documents/LMI/OpenCV/opencv/cmake/checks/cpu_avx512.cpp:11:2: error: "AVX512 is not supported"
#error "AVX512 is not supported"
 ^
1 error generated.
make[1]: *** [CMakeFiles/cmTC_080b5.dir/cpu_avx512.cpp.o] Error 1
make: *** [cmTC_080b5/fast] Error 2


===== END =====

Compilation failed:
    source file: '/Users/loxij/Documents/LMI/OpenCV/opencv/cmake/checks/cpu_avx512common.cpp'
    check option: ''
===== BUILD LOG =====
Change Dir: /Users/loxij/Documents/LMI/OpenCV/build_opencv/CMakeFiles/CMakeTmp

Run Build Command(s):/usr/local/Cellar/cmake/3.26.3/bin/cmake -E env VERBOSE=1 /usr/bin/make -f Makefile cmTC_4e0cd/fast && /Library/Developer/CommandLineTools/usr/bin/make  -f CMakeFiles/cmTC_4e0cd.dir/build.make CMakeFiles/cmTC_4e0cd.dir/build
Building CXX object CMakeFiles/cmTC_4e0cd.dir/cpu_avx512common.cpp.o
/Library/Developer/CommandLineTools/usr/bin/c++   -O3 -DNDEBUG -std=c++11 -isysroot /Library/Developer/CommandLineTools/SDKs/MacOSX13.1.sdk -fPIE -MD -MT CMakeFiles/cmTC_4e0cd.dir/cpu_avx512common.cpp.o -MF CMakeFiles/cmTC_4e0cd.dir/cpu_avx512common.cpp.o.d -o CMakeFiles/cmTC_4e0cd.dir/cpu_avx512common.cpp.o -c /Users/loxij/Documents/LMI/OpenCV/opencv/cmake/checks/cpu_avx512common.cpp
/Users/loxij/Documents/LMI/OpenCV/opencv/cmake/checks/cpu_avx512common.cpp:12:2: error: "AVX512-COMMON is not supported"
#error "AVX512-COMMON is not supported"
 ^
1 error generated.
make[1]: *** [CMakeFiles/cmTC_4e0cd.dir/cpu_avx512common.cpp.o] Error 1
make: *** [cmTC_4e0cd/fast] Error 2


===== END =====

Compilation failed:
    source file: '/Users/loxij/Documents/LMI/OpenCV/opencv/cmake/checks/cpu_avx512knl.cpp'
    check option: ''
===== BUILD LOG =====
Change Dir: /Users/loxij/Documents/LMI/OpenCV/build_opencv/CMakeFiles/CMakeTmp

Run Build Command(s):/usr/local/Cellar/cmake/3.26.3/bin/cmake -E env VERBOSE=1 /usr/bin/make -f Makefile cmTC_00582/fast && /Library/Developer/CommandLineTools/usr/bin/make  -f CMakeFiles/cmTC_00582.dir/build.make CMakeFiles/cmTC_00582.dir/build
Building CXX object CMakeFiles/cmTC_00582.dir/cpu_avx512knl.cpp.o
/Library/Developer/CommandLineTools/usr/bin/c++   -O3 -DNDEBUG -std=c++11 -isysroot /Library/Developer/CommandLineTools/SDKs/MacOSX13.1.sdk -fPIE -MD -MT CMakeFiles/cmTC_00582.dir/cpu_avx512knl.cpp.o -MF CMakeFiles/cmTC_00582.dir/cpu_avx512knl.cpp.o.d -o CMakeFiles/cmTC_00582.dir/cpu_avx512knl.cpp.o -c /Users/loxij/Documents/LMI/OpenCV/opencv/cmake/checks/cpu_avx512knl.cpp
/Users/loxij/Documents/LMI/OpenCV/opencv/cmake/checks/cpu_avx512knl.cpp:14:2: error: "AVX512-KNL is not supported"
#error "AVX512-KNL is not supported"
 ^
1 error generated.
make[1]: *** [CMakeFiles/cmTC_00582.dir/cpu_avx512knl.cpp.o] Error 1
make: *** [cmTC_00582/fast] Error 2


===== END =====

Compilation failed:
    source file: '/Users/loxij/Documents/LMI/OpenCV/opencv/cmake/checks/cpu_avx512knm.cpp'
    check option: ''
===== BUILD LOG =====
Change Dir: /Users/loxij/Documents/LMI/OpenCV/build_opencv/CMakeFiles/CMakeTmp

Run Build Command(s):/usr/local/Cellar/cmake/3.26.3/bin/cmake -E env VERBOSE=1 /usr/bin/make -f Makefile cmTC_bb958/fast && /Library/Developer/CommandLineTools/usr/bin/make  -f CMakeFiles/cmTC_bb958.dir/build.make CMakeFiles/cmTC_bb958.dir/build
Building CXX object CMakeFiles/cmTC_bb958.dir/cpu_avx512knm.cpp.o
/Library/Developer/CommandLineTools/usr/bin/c++   -O3 -DNDEBUG -std=c++11 -isysroot /Library/Developer/CommandLineTools/SDKs/MacOSX13.1.sdk -fPIE -MD -MT CMakeFiles/cmTC_bb958.dir/cpu_avx512knm.cpp.o -MF CMakeFiles/cmTC_bb958.dir/cpu_avx512knm.cpp.o.d -o CMakeFiles/cmTC_bb958.dir/cpu_avx512knm.cpp.o -c /Users/loxij/Documents/LMI/OpenCV/opencv/cmake/checks/cpu_avx512knm.cpp
/Users/loxij/Documents/LMI/OpenCV/opencv/cmake/checks/cpu_avx512knm.cpp:15:2: error: "AVX512-KNM is not supported"
#error "AVX512-KNM is not supported"
 ^
1 error generated.
make[1]: *** [CMakeFiles/cmTC_bb958.dir/cpu_avx512knm.cpp.o] Error 1
make: *** [cmTC_bb958/fast] Error 2


===== END =====

Compilation failed:
    source file: '/Users/loxij/Documents/LMI/OpenCV/opencv/cmake/checks/cpu_avx512knm.cpp'
    check option: ' -mavx512f -mavx512cd -mavx512er -mavx512pf -mavx5124fmaps -mavx5124vnniw -mavx512vpopcntdq'
===== BUILD LOG =====
Change Dir: /Users/loxij/Documents/LMI/OpenCV/build_opencv/CMakeFiles/CMakeTmp

Run Build Command(s):/usr/local/Cellar/cmake/3.26.3/bin/cmake -E env VERBOSE=1 /usr/bin/make -f Makefile cmTC_00644/fast && /Library/Developer/CommandLineTools/usr/bin/make  -f CMakeFiles/cmTC_00644.dir/build.make CMakeFiles/cmTC_00644.dir/build
Building CXX object CMakeFiles/cmTC_00644.dir/cpu_avx512knm.cpp.o
/Library/Developer/CommandLineTools/usr/bin/c++   -O3 -DNDEBUG -std=c++11 -isysroot /Library/Developer/CommandLineTools/SDKs/MacOSX13.1.sdk -fPIE    -mavx512f -mavx512cd -mavx512er -mavx512pf -mavx5124fmaps -mavx5124vnniw -mavx512vpopcntdq -MD -MT CMakeFiles/cmTC_00644.dir/cpu_avx512knm.cpp.o -MF CMakeFiles/cmTC_00644.dir/cpu_avx512knm.cpp.o.d -o CMakeFiles/cmTC_00644.dir/cpu_avx512knm.cpp.o -c /Users/loxij/Documents/LMI/OpenCV/opencv/cmake/checks/cpu_avx512knm.cpp
clang: error: unknown argument: '-mavx5124fmaps'
clang: error: unknown argument: '-mavx5124vnniw'
make[1]: *** [CMakeFiles/cmTC_00644.dir/cpu_avx512knm.cpp.o] Error 1
make: *** [cmTC_00644/fast] Error 2


===== END =====

Compilation failed:
    source file: '/Users/loxij/Documents/LMI/OpenCV/opencv/cmake/checks/cpu_avx512skx.cpp'
    check option: ''
===== BUILD LOG =====
Change Dir: /Users/loxij/Documents/LMI/OpenCV/build_opencv/CMakeFiles/CMakeTmp

Run Build Command(s):/usr/local/Cellar/cmake/3.26.3/bin/cmake -E env VERBOSE=1 /usr/bin/make -f Makefile cmTC_9626b/fast && /Library/Developer/CommandLineTools/usr/bin/make  -f CMakeFiles/cmTC_9626b.dir/build.make CMakeFiles/cmTC_9626b.dir/build
Building CXX object CMakeFiles/cmTC_9626b.dir/cpu_avx512skx.cpp.o
/Library/Developer/CommandLineTools/usr/bin/c++   -O3 -DNDEBUG -std=c++11 -isysroot /Library/Developer/CommandLineTools/SDKs/MacOSX13.1.sdk -fPIE -MD -MT CMakeFiles/cmTC_9626b.dir/cpu_avx512skx.cpp.o -MF CMakeFiles/cmTC_9626b.dir/cpu_avx512skx.cpp.o.d -o CMakeFiles/cmTC_9626b.dir/cpu_avx512skx.cpp.o -c /Users/loxij/Documents/LMI/OpenCV/opencv/cmake/checks/cpu_avx512skx.cpp
/Users/loxij/Documents/LMI/OpenCV/opencv/cmake/checks/cpu_avx512skx.cpp:30:2: error: "AVX512-SKX is not supported"
#error "AVX512-SKX is not supported"
 ^
1 error generated.
make[1]: *** [CMakeFiles/cmTC_9626b.dir/cpu_avx512skx.cpp.o] Error 1
make: *** [cmTC_9626b/fast] Error 2


===== END =====

Compilation failed:
    source file: '/Users/loxij/Documents/LMI/OpenCV/opencv/cmake/checks/cpu_avx512cnl.cpp'
    check option: ''
===== BUILD LOG =====
Change Dir: /Users/loxij/Documents/LMI/OpenCV/build_opencv/CMakeFiles/CMakeTmp

Run Build Command(s):/usr/local/Cellar/cmake/3.26.3/bin/cmake -E env VERBOSE=1 /usr/bin/make -f Makefile cmTC_2346f/fast && /Library/Developer/CommandLineTools/usr/bin/make  -f CMakeFiles/cmTC_2346f.dir/build.make CMakeFiles/cmTC_2346f.dir/build
Building CXX object CMakeFiles/cmTC_2346f.dir/cpu_avx512cnl.cpp.o
/Library/Developer/CommandLineTools/usr/bin/c++   -O3 -DNDEBUG -std=c++11 -isysroot /Library/Developer/CommandLineTools/SDKs/MacOSX13.1.sdk -fPIE -MD -MT CMakeFiles/cmTC_2346f.dir/cpu_avx512cnl.cpp.o -MF CMakeFiles/cmTC_2346f.dir/cpu_avx512cnl.cpp.o.d -o CMakeFiles/cmTC_2346f.dir/cpu_avx512cnl.cpp.o -c /Users/loxij/Documents/LMI/OpenCV/opencv/cmake/checks/cpu_avx512cnl.cpp
/Users/loxij/Documents/LMI/OpenCV/opencv/cmake/checks/cpu_avx512cnl.cpp:10:2: error: "AVX512-CNL is not supported"
#error "AVX512-CNL is not supported"
 ^
1 error generated.
make[1]: *** [CMakeFiles/cmTC_2346f.dir/cpu_avx512cnl.cpp.o] Error 1
make: *** [cmTC_2346f/fast] Error 2


===== END =====

Compilation failed:
    source file: '/Users/loxij/Documents/LMI/OpenCV/opencv/cmake/checks/cpu_avx512clx.cpp'
    check option: ''
===== BUILD LOG =====
Change Dir: /Users/loxij/Documents/LMI/OpenCV/build_opencv/CMakeFiles/CMakeTmp

Run Build Command(s):/usr/local/Cellar/cmake/3.26.3/bin/cmake -E env VERBOSE=1 /usr/bin/make -f Makefile cmTC_b33d8/fast && /Library/Developer/CommandLineTools/usr/bin/make  -f CMakeFiles/cmTC_b33d8.dir/build.make CMakeFiles/cmTC_b33d8.dir/build
Building CXX object CMakeFiles/cmTC_b33d8.dir/cpu_avx512clx.cpp.o
/Library/Developer/CommandLineTools/usr/bin/c++   -O3 -DNDEBUG -std=c++11 -isysroot /Library/Developer/CommandLineTools/SDKs/MacOSX13.1.sdk -fPIE -MD -MT CMakeFiles/cmTC_b33d8.dir/cpu_avx512clx.cpp.o -MF CMakeFiles/cmTC_b33d8.dir/cpu_avx512clx.cpp.o.d -o CMakeFiles/cmTC_b33d8.dir/cpu_avx512clx.cpp.o -c /Users/loxij/Documents/LMI/OpenCV/opencv/cmake/checks/cpu_avx512clx.cpp
/Users/loxij/Documents/LMI/OpenCV/opencv/cmake/checks/cpu_avx512clx.cpp:9:2: error: "AVX512-CLX is not supported"
#error "AVX512-CLX is not supported"
 ^
1 error generated.
make[1]: *** [CMakeFiles/cmTC_b33d8.dir/cpu_avx512clx.cpp.o] Error 1
make: *** [cmTC_b33d8/fast] Error 2


===== END =====

Compilation failed:
    source file: '/Users/loxij/Documents/LMI/OpenCV/opencv/cmake/checks/cpu_avx512icl.cpp'
    check option: ''
===== BUILD LOG =====
Change Dir: /Users/loxij/Documents/LMI/OpenCV/build_opencv/CMakeFiles/CMakeTmp

Run Build Command(s):/usr/local/Cellar/cmake/3.26.3/bin/cmake -E env VERBOSE=1 /usr/bin/make -f Makefile cmTC_1f13d/fast && /Library/Developer/CommandLineTools/usr/bin/make  -f CMakeFiles/cmTC_1f13d.dir/build.make CMakeFiles/cmTC_1f13d.dir/build
Building CXX object CMakeFiles/cmTC_1f13d.dir/cpu_avx512icl.cpp.o
/Library/Developer/CommandLineTools/usr/bin/c++   -O3 -DNDEBUG -std=c++11 -isysroot /Library/Developer/CommandLineTools/SDKs/MacOSX13.1.sdk -fPIE -MD -MT CMakeFiles/cmTC_1f13d.dir/cpu_avx512icl.cpp.o -MF CMakeFiles/cmTC_1f13d.dir/cpu_avx512icl.cpp.o.d -o CMakeFiles/cmTC_1f13d.dir/cpu_avx512icl.cpp.o -c /Users/loxij/Documents/LMI/OpenCV/opencv/cmake/checks/cpu_avx512icl.cpp
/Users/loxij/Documents/LMI/OpenCV/opencv/cmake/checks/cpu_avx512icl.cpp:12:2: error: "AVX512-ICL is not supported"
#error "AVX512-ICL is not supported"
 ^
1 error generated.
make[1]: *** [CMakeFiles/cmTC_1f13d.dir/cpu_avx512icl.cpp.o] Error 1
make: *** [cmTC_1f13d/fast] Error 2


===== END =====

Compilation failed:
    source file: '/Users/loxij/Documents/LMI/OpenCV/build_opencv/CMakeFiles/CMakeTmp/src.cxx'
    check option: ''
===== BUILD LOG =====
Change Dir: /Users/loxij/Documents/LMI/OpenCV/build_opencv/CMakeFiles/CMakeTmp

Run Build Command(s):/usr/local/Cellar/cmake/3.26.3/bin/cmake -E env VERBOSE=1 /usr/bin/make -f Makefile cmTC_b8397/fast && /Library/Developer/CommandLineTools/usr/bin/make  -f CMakeFiles/cmTC_b8397.dir/build.make CMakeFiles/cmTC_b8397.dir/build
Building CXX object CMakeFiles/cmTC_b8397.dir/src.cxx.o
/Library/Developer/CommandLineTools/usr/bin/c++   -O3 -DNDEBUG -std=c++11 -isysroot /Library/Developer/CommandLineTools/SDKs/MacOSX13.1.sdk -fPIE -MD -MT CMakeFiles/cmTC_b8397.dir/src.cxx.o -MF CMakeFiles/cmTC_b8397.dir/src.cxx.o.d -o CMakeFiles/cmTC_b8397.dir/src.cxx.o -c /Users/loxij/Documents/LMI/OpenCV/build_opencv/CMakeFiles/CMakeTmp/src.cxx
Linking CXX executable cmTC_b8397
/usr/local/Cellar/cmake/3.26.3/bin/cmake -E cmake_link_script CMakeFiles/cmTC_b8397.dir/link.txt --verbose=1
/Library/Developer/CommandLineTools/usr/bin/c++ -O3 -DNDEBUG -isysroot /Library/Developer/CommandLineTools/SDKs/MacOSX13.1.sdk -Wl,-search_paths_first -Wl,-headerpad_max_install_names  -Wl,--as-needed  CMakeFiles/cmTC_b8397.dir/src.cxx.o -o cmTC_b8397 
ld: unknown option: --as-needed
clang: error: linker command failed with exit code 1 (use -v to see invocation)
make[1]: *** [cmTC_b8397] Error 1
make: *** [cmTC_b8397/fast] Error 2


===== END =====

Compilation failed:
    source file: '/Users/loxij/Documents/LMI/OpenCV/build_opencv/CMakeFiles/CMakeTmp/src.cxx'
    check option: ''
===== BUILD LOG =====
Change Dir: /Users/loxij/Documents/LMI/OpenCV/build_opencv/CMakeFiles/CMakeTmp

Run Build Command(s):/usr/local/Cellar/cmake/3.26.3/bin/cmake -E env VERBOSE=1 /usr/bin/make -f Makefile cmTC_f39e1/fast && /Library/Developer/CommandLineTools/usr/bin/make  -f CMakeFiles/cmTC_f39e1.dir/build.make CMakeFiles/cmTC_f39e1.dir/build
Building CXX object CMakeFiles/cmTC_f39e1.dir/src.cxx.o
/Library/Developer/CommandLineTools/usr/bin/c++   -O3 -DNDEBUG -std=c++11 -isysroot /Library/Developer/CommandLineTools/SDKs/MacOSX13.1.sdk -fPIE -MD -MT CMakeFiles/cmTC_f39e1.dir/src.cxx.o -MF CMakeFiles/cmTC_f39e1.dir/src.cxx.o.d -o CMakeFiles/cmTC_f39e1.dir/src.cxx.o -c /Users/loxij/Documents/LMI/OpenCV/build_opencv/CMakeFiles/CMakeTmp/src.cxx
Linking CXX executable cmTC_f39e1
/usr/local/Cellar/cmake/3.26.3/bin/cmake -E cmake_link_script CMakeFiles/cmTC_f39e1.dir/link.txt --verbose=1
/Library/Developer/CommandLineTools/usr/bin/c++ -O3 -DNDEBUG -isysroot /Library/Developer/CommandLineTools/SDKs/MacOSX13.1.sdk -Wl,-search_paths_first -Wl,-headerpad_max_install_names  -Wl,--no-undefined  CMakeFiles/cmTC_f39e1.dir/src.cxx.o -o cmTC_f39e1 
ld: unknown option: --no-undefined
clang: error: linker command failed with exit code 1 (use -v to see invocation)
make[1]: *** [cmTC_f39e1] Error 1
make: *** [cmTC_f39e1/fast] Error 2


===== END =====

Build output check failed:
    Regex: 'unknown .*option'
    Output line: 'warning: unknown warning option '-Wno-maybe-uninitialized', did you mean '-Wno-uninitialized'? [-Wunknown-warning-option]'
Compilation failed:
    source file: '/Users/loxij/Documents/LMI/OpenCV/build_opencv/CMakeFiles/CMakeTmp/src.c'
    check option: ' -Wno-maybe-uninitialized'
===== BUILD LOG =====
Change Dir: /Users/loxij/Documents/LMI/OpenCV/build_opencv/CMakeFiles/CMakeTmp

Run Build Command(s):/usr/local/Cellar/cmake/3.26.3/bin/cmake -E env VERBOSE=1 /usr/bin/make -f Makefile cmTC_7a5a2/fast && /Library/Developer/CommandLineTools/usr/bin/make  -f CMakeFiles/cmTC_7a5a2.dir/build.make CMakeFiles/cmTC_7a5a2.dir/build
Building C object CMakeFiles/cmTC_7a5a2.dir/src.c.o
/Library/Developer/CommandLineTools/usr/bin/cc   -fsigned-char -W -Wall -Wreturn-type -Wnon-virtual-dtor -Waddress -Wsequence-point -Wformat -Wformat-security -Wstrict-prototypes -Winit-self -Wpointer-arith -Wsign-promo -Wuninitialized -Wno-delete-non-virtual-dtor -Wno-unnamed-type-template-args -Wno-comment -fdiagnostics-show-option -Wno-long-long -Qunused-arguments -Wno-semicolon-before-method-body -ffunction-sections -fdata-sections  -fvisibility=hidden -fvisibility-inlines-hidden -Wno-unused-but-set-variable -Wno-missing-prototypes -Wno-missing-declarations -Wno-undef -Wno-unused -Wno-sign-compare -Wno-cast-align -Wno-shadow  -O3 -DNDEBUG  -DNDEBUG -isysroot /Library/Developer/CommandLineTools/SDKs/MacOSX13.1.sdk -fPIE    -Wno-maybe-uninitialized -MD -MT CMakeFiles/cmTC_7a5a2.dir/src.c.o -MF CMakeFiles/cmTC_7a5a2.dir/src.c.o.d -o CMakeFiles/cmTC_7a5a2.dir/src.c.o -c /Users/loxij/Documents/LMI/OpenCV/build_opencv/CMakeFiles/CMakeTmp/src.c
warning: unknown warning option '-Wno-maybe-uninitialized'; did you mean '-Wno-uninitialized'? [-Wunknown-warning-option]
/Users/loxij/Documents/LMI/OpenCV/build_opencv/CMakeFiles/CMakeTmp/src.c:1:8: warning: unknown pragma ignored [-Wunknown-pragmas]
#pragma
       ^
2 warnings generated.
Linking C executable cmTC_7a5a2
/usr/local/Cellar/cmake/3.26.3/bin/cmake -E cmake_link_script CMakeFiles/cmTC_7a5a2.dir/link.txt --verbose=1
/Library/Developer/CommandLineTools/usr/bin/cc    -fsigned-char -W -Wall -Wreturn-type -Wnon-virtual-dtor -Waddress -Wsequence-point -Wformat -Wformat-security -Wstrict-prototypes -Winit-self -Wpointer-arith -Wsign-promo -Wuninitialized -Wno-delete-non-virtual-dtor -Wno-unnamed-type-template-args -Wno-comment -fdiagnostics-show-option -Wno-long-long -Qunused-arguments -Wno-semicolon-before-method-body -ffunction-sections -fdata-sections  -fvisibility=hidden -fvisibility-inlines-hidden -Wno-unused-but-set-variable -Wno-missing-prototypes -Wno-missing-declarations -Wno-undef -Wno-unused -Wno-sign-compare -Wno-cast-align -Wno-shadow  -O3 -DNDEBUG  -DNDEBUG -isysroot /Library/Developer/CommandLineTools/SDKs/MacOSX13.1.sdk -Wl,-search_paths_first -Wl,-headerpad_max_install_names   -Wl,-dead_strip  CMakeFiles/cmTC_7a5a2.dir/src.c.o -o cmTC_7a5a2 


===== END =====

Build output check failed:
    Regex: 'unknown .*option'
    Output line: 'warning: unknown warning option '-Wno-array-parameter', did you mean '-Wno-unused-parameter'? [-Wunknown-warning-option]'
Compilation failed:
    source file: '/Users/loxij/Documents/LMI/OpenCV/build_opencv/CMakeFiles/CMakeTmp/src.c'
    check option: ' -Wno-array-parameter'
===== BUILD LOG =====
Change Dir: /Users/loxij/Documents/LMI/OpenCV/build_opencv/CMakeFiles/CMakeTmp

Run Build Command(s):/usr/local/Cellar/cmake/3.26.3/bin/cmake -E env VERBOSE=1 /usr/bin/make -f Makefile cmTC_d2412/fast && /Library/Developer/CommandLineTools/usr/bin/make  -f CMakeFiles/cmTC_d2412.dir/build.make CMakeFiles/cmTC_d2412.dir/build
Building C object CMakeFiles/cmTC_d2412.dir/src.c.o
/Library/Developer/CommandLineTools/usr/bin/cc   -fsigned-char -W -Wall -Wreturn-type -Wnon-virtual-dtor -Waddress -Wsequence-point -Wformat -Wformat-security -Wstrict-prototypes -Winit-self -Wpointer-arith -Wsign-promo -Wuninitialized -Wno-delete-non-virtual-dtor -Wno-unnamed-type-template-args -Wno-comment -fdiagnostics-show-option -Wno-long-long -Qunused-arguments -Wno-semicolon-before-method-body -ffunction-sections -fdata-sections  -fvisibility=hidden -fvisibility-inlines-hidden -Wno-unused-but-set-variable -Wno-missing-prototypes -Wno-missing-declarations -Wno-undef -Wno-unused -Wno-sign-compare -Wno-cast-align -Wno-shadow -Wno-pointer-to-int-cast -Wno-int-to-pointer-cast -Wno-misleading-indentation -Wno-implicit-fallthrough -Wno-unused-parameter  -O3 -DNDEBUG  -DNDEBUG -isysroot /Library/Developer/CommandLineTools/SDKs/MacOSX13.1.sdk -fPIE    -Wno-array-parameter -MD -MT CMakeFiles/cmTC_d2412.dir/src.c.o -MF CMakeFiles/cmTC_d2412.dir/src.c.o.d -o CMakeFiles/cmTC_d2412.dir/src.c.o -c /Users/loxij/Documents/LMI/OpenCV/build_opencv/CMakeFiles/CMakeTmp/src.c
warning: unknown warning option '-Wno-array-parameter'; did you mean '-Wno-unused-parameter'? [-Wunknown-warning-option]
/Users/loxij/Documents/LMI/OpenCV/build_opencv/CMakeFiles/CMakeTmp/src.c:1:8: warning: unknown pragma ignored [-Wunknown-pragmas]
#pragma
       ^
2 warnings generated.
Linking C executable cmTC_d2412
/usr/local/Cellar/cmake/3.26.3/bin/cmake -E cmake_link_script CMakeFiles/cmTC_d2412.dir/link.txt --verbose=1
/Library/Developer/CommandLineTools/usr/bin/cc    -fsigned-char -W -Wall -Wreturn-type -Wnon-virtual-dtor -Waddress -Wsequence-point -Wformat -Wformat-security -Wstrict-prototypes -Winit-self -Wpointer-arith -Wsign-promo -Wuninitialized -Wno-delete-non-virtual-dtor -Wno-unnamed-type-template-args -Wno-comment -fdiagnostics-show-option -Wno-long-long -Qunused-arguments -Wno-semicolon-before-method-body -ffunction-sections -fdata-sections  -fvisibility=hidden -fvisibility-inlines-hidden -Wno-unused-but-set-variable -Wno-missing-prototypes -Wno-missing-declarations -Wno-undef -Wno-unused -Wno-sign-compare -Wno-cast-align -Wno-shadow -Wno-pointer-to-int-cast -Wno-int-to-pointer-cast -Wno-misleading-indentation -Wno-implicit-fallthrough -Wno-unused-parameter  -O3 -DNDEBUG  -DNDEBUG -isysroot /Library/Developer/CommandLineTools/SDKs/MacOSX13.1.sdk -Wl,-search_paths_first -Wl,-headerpad_max_install_names   -Wl,-dead_strip  CMakeFiles/cmTC_d2412.dir/src.c.o -o cmTC_d2412 


===== END =====

